  login.pb.cc
d:\cocos\server-and-client\server\server\bean\login.pb.h(9): fatal error C1083: 无法打开包括文件: “google/protobuf/stubs/common.h”: No such file or directory
  test.pb.cc
d:\cocos\server-and-client\server\server\bean\test.pb.h(9): fatal error C1083: 无法打开包括文件: “google/protobuf/stubs/common.h”: No such file or directory
  MessagePool.cpp
d:\cocos\server-and-client\server\server\net\messagepool.h(2): fatal error C1083: 无法打开包括文件: “stdafx.h”: No such file or directory
  MsgMgr.cpp
d:\cocos\server-and-client\server\server\net\messagepool.h(2): fatal error C1083: 无法打开包括文件: “stdafx.h”: No such file or directory
  msgteam.cpp
d:\cocos\server-and-client\server\server\net\msgteam.h(3): fatal error C1083: 无法打开包括文件: “stdafx.h”: No such file or directory
  CircularBufer.cpp
  Client.cpp
d:\cocos\server-and-client\server\server\server\client.h(6): fatal error C1083: 无法打开包括文件: “stdafx.h”: No such file or directory
  MyServer.cpp
d:\cocos\server-and-client\server\server\server\myserver.h(3): warning C4067: 预处理器指令后有意外标记 - 应输入换行符
d:\cocos\server-and-client\server\server\server\client.h(6): fatal error C1083: 无法打开包括文件: “stdafx.h”: No such file or directory
  server.cpp
d:\cocos\server-and-client\server\server\server\server.cpp(5): fatal error C1083: 无法打开包括文件: “net/MessagePool.h”: No such file or directory
  ThreadPool.cpp
d:\cocos\server-and-client\server\server\server\threadpool.cpp(45): warning C4477: “printf”: 格式字符串“%lu”需要类型“unsigned long”的参数，但可变参数 1 拥有了类型“pthread_t”
d:\cocos\server-and-client\server\server\server\threadpool.cpp(49): warning C4477: “printf”: 格式字符串“%lu”需要类型“unsigned long”的参数，但可变参数 1 拥有了类型“pthread_t”
d:\cocos\server-and-client\server\server\server\threadpool.cpp(65): warning C4477: “printf”: 格式字符串“%lu”需要类型“unsigned long”的参数，但可变参数 1 拥有了类型“pthread_t”
d:\cocos\server-and-client\server\server\server\threadpool.cpp(131): warning C4267: “return”: 从“size_t”转换到“int”，可能丢失数据
  正在生成代码...
